# 03/07/22 09:50:15
parm ../../BM3_solv.prmtop
trajin ../BM3_solv_run1.nc
autoimage
rms first mass out rmsd.dat time 10 :1-460
atomicfluct mass out rmsf.dat time 10 :1-460 byres
trajout autoimage_run1.nc
run
exit
# 03/10/22 10:59:03
parm ../../BM3_solv.prmtop
trajin ../autoimage_run1.nc
trajout 1.pdb pdb onlyframes 1 
trajout 2.pdb pdb onlyframes 1000 
trajout 3.pdb pdb onlyframes 2000
trajout 4.pdb pdb onlyframes 3000
trajout 5.pdb pdb onlyframes 4000
trajout 6.pdb pdb onlyframes 5000
trajout 7.pdb pdb onlyframes 6000
trajout 8.pdb pdb onlyframes 7000
trajout 9.pdb pdb onlyframes 8000
trajout 10.pdb pdb onlyframes 9000
trajout 11.pdb pdb onlyframes 10000
run
quit
# 03/28/22 14:50:15
parm ../../BM3_solv.prmtop
trajin ../autoimage_run1.nc
surf :459,400 out sasa_Heme-Cyp.dat
surf :460 out sasa_NPG.dat
run
quit
# 04/22/22 14:21:54
parm ../BM3_solv.prmtop
trajin autoimage_run1.nc
watershell :459 out water_pop-SPC_md1.dat lower 3.4 upper 5.0 noimage :WAT
go
quit
