# 03/07/22 09:42:58
parm ../../BM3_solv.prmtop
trajin ../BM3_solv_run1.nc
autoimage
rms first mass out rmsd.dat time 10 :1-460
atomicfluct mass out rmsf.dat time 10 :1-460 byres
trajout autoimage_run1.nc
run
exit
# 03/10/22 00:17:22
parm ../../BM3_solv.prmtop
trajin ../autoimage_run1.nc
trajout 1.pdb pdb onlyframes 1 include_ep
trajout 2.pdb pdb onlyframes 1000 include_ep
trajout 3.pdb pdb onlyframes 2000 include_ep
trajout 4.pdb pdb onlyframes 3000 include_ep
trajout 5.pdb pdb onlyframes 4000 include_ep
trajout 6.pdb pdb onlyframes 5000 include_ep
trajout 7.pdb pdb onlyframes 6000 include_ep
trajout 8.pdb pdb onlyframes 7000 include_ep
trajout 9.pdb pdb onlyframes 8000 include_ep
trajout 10.pdb pdb onlyframes 9000 include_ep
trajout 11.pdb pdb onlyframes 10000 include_ep
go
quit
# 03/28/22 14:33:34
parm ../../BM3_solv.prmtop
trajin ../autoimage_run1.nc
surf :459,400 out sasa_Heme-Cyp.dat
surf :460 out sasa_NPG.dat
run
quit
# 03/28/22 15:35:48
parm ../BM3_solv.prmtop
trajin autoimage_run1.nc
watershell :459 out water_pop-OPC_md1.dat lower 3.4 upper 5.0 noimage :WAT
go
quit


