# 02/21/22 10:35:00
parm ../1izo_amber_TIP3P.prmtop
trajin ../1izo_amber_TIP3P_run1.nc
autoimage
trajout autoimage.nc
go
quit
# 02/21/22 10:36:14
parm ../1izo_amber_TIP3P.prmtop
trajin autoimage.nc
rms first mass out rmsd-complex.dat time 10 :1-413
atomicfluct out rmsf-complex.dat :1-413 byres
go
quit
# 02/28/22 11:25:33
parm ../1izo_amber_TIP3P.prmtop
trajin autoimage.nc
trajout snap-1.pdb pdb onlyframes 1
trajout snap-10ns.pdb pdb onlyframes 1000
trajout snap-20ns.pdb pdb onlyframes 2000
trajout snap-30ns.pdb pdb onlyframes 3000
trajout snap-40ns.pdb pdb onlyframes 4000
trajout snap-50ns.pdb pdb onlyframes 5000
trajout snap-60ns.pdb pdb onlyframes 6000
trajout snap-70ns.pdb pdb onlyframes 7000
trajout snap-80ns.pdb pdb onlyframes 8000
trajout snap-90ns.pdb pdb onlyframes 9000
trajout snap-100ns.pdb pdb onlyframes 10000
go
quit
# 03/15/22 12:13:40
parm ../1izo_amber_TIP3P.prmtop
trajin trajin autoimage.nc
trajin autoimage.nc
surf out surf.dat
surf :412,358 out surf-heme.dat
surf :413 out suf-substrate.dat
# 04/10/22 02:03:54
parm ../1izo_amber_TIP3P.prmtop
trajin autoimage.nc
watershell :412 out waters-BSB-TIP3P-run-1.dat lower 3.4 upper 5.0 noimage :WAT
go
quit
