# 03/03/22 10:20:37
parm ../4l40_amber_SPCE.prmtop
trajin ../4l40_amber_SPCE_run1.nc
autoimage
trajout autoimage.nc
go
quit
# 03/03/22 10:24:04
parm ../4l40_amber_SPCE.prmtop
trajin autoimage.nc
rms first mass out rmsd-complex.dat time 10 :1-421
atomicfluct out rmsf-complex.dat :1-421 byres
go
quit
# 03/03/22 10:43:05
parm ../4l40_amber_SPCE.prmtop
trajin autoimage.nc
trajout snap-0ns.pdb pdb onlyframes 1
trajout snap-10ns.pdb pdb onlyframes 1000
trajout snap-20ns.pdb pdb onlyframes 2000
trajout snap-30ns.pdb pdb onlyframes 3000
trajout snap-40ns.pdb pdb onlyframes 4000
trajout snap-50ns.pdb pdb onlyframes 5000
trajout snap-60ns.pdb pdb onlyframes 6000
trajout snap-70ns.pdb pdb onlyframes 7000
trajout snap-80ns.pdb pdb onlyframes 8000
trajout snap-90ns.pdb pdb onlyframes 9000
trajout snap-100ns.pdb pdb onlyframes 10000
go
quit
# 03/15/22 14:43:33
parm ../4l40_amber_SPCE.prmtop
trajin autoimage.nc
surf :420,362 out surf-heme-SPCE-run1.dat
surf :421 surf-subs-SPCE-run1.dat
go
quit
# 04/10/22 01:50:11
parm ../4l40_amber_SPCE.prmtop
trajin autoimage.nc
watershell :420 out waters-OleT-SPCE-run-1.dat lower 3.4 upper 5.0 noimage :WAT
go
quit
