# 02/21/22 10:30:55
parm ../1izo_amber_OPC.prmtop
trajin ../1izo_amber_OPC_run1.nc
autoimage
trajout autoimage.nc
go
quit
# 02/21/22 10:32:54
parm ../1izo_amber_OPC.prmtop
trajin autoimage.nc
rms first mass out rmsd-complex.dat time 10 :1-413
atomicfluct out rmsf-complex.dat :1-413 byres
go
quit
# 03/01/22 17:17:21
parm ../1izo_amber_OPC.prmtop
trajin autoimage.nc
trajout snap-0ns.pdb pdb onlyframes 1 include_ep
trajout snap-10ns.pdb pdb onlyframes 1000 include_ep
trajout snap-20ns.pdb pdb onlyframes 2000 include_ep
trajout snap-30ns.pdb pdb onlyframes 3000 include_ep
trajout snap-40ns.pdb pdb onlyframes 4000 include_ep
trajout snap-50ns.pdb pdb onlyframes 5000 include_ep
trajout snap-60ns.pdb pdb onlyframes 6000 include_ep
trajout snap-70ns.pdb pdb onlyframes 7000 include_ep
trajout snap-80ns.pdb pdb onlyframes 8000 include_ep
trajout snap-90ns.pdb pdb onlyframes 9000 include_ep
trajout snap-100ns.pdb pdb onlyframes 10000 include_ep
go
quit
# 03/15/22 12:36:18
parm ../1izo_amber_OPC.prmtop
trajin autoimage.nc
surf :412,358 out surf-heme-OPC.dat
surf :413 out suf-substrate-opc.dat
go
quit
# 04/10/22 02:14:59
parm ../1izo_amber_OPC.prmtop
trajin autoimage.nc
watershell :412 out waters-BSB-OPC-run-1.dat lower 3.4 upper 5.0 noimage :WAT
go
quit
